<?xml version="1.0" encoding="UTF-8"?>
<robot generator="Robot 6.0.2 (Python 3.11.2 on win32)" generated="20230315 14:13:42.880" rpa="false" schemaversion="3">
<suite id="s1" name="GoogleKeywords" source="c:\Users\Thisara\Documents\GitHub\AutomatedClash\Keywords\GoogleKeywords.robot">
<test id="s1-t1" name="Search the howdy site" line="12">
<kw name="Open the Browser" library="Browser">
<kw name="Open Browser" library="Selenium2Library">
<arg>https://www.google.lk/</arg>
<arg>Chrome</arg>
<doc>Opens a new browser instance to the optional ``url``.</doc>
<msg timestamp="20230315 14:13:43.083" level="INFO">Opening browser 'Chrome' to base url 'https://www.google.lk/'.</msg>
<status status="PASS" starttime="20230315 14:13:43.082" endtime="20230315 14:13:45.319"/>
</kw>
<kw name="Maximize Browser Window" library="Selenium2Library">
<doc>Maximizes current browser window.</doc>
<status status="PASS" starttime="20230315 14:13:45.319" endtime="20230315 14:13:45.436"/>
</kw>
<status status="PASS" starttime="20230315 14:13:43.082" endtime="20230315 14:13:45.436"/>
</kw>
<kw name="Click on the Google Search Bar" library="GooglePageObjects">
<kw name="Sleep" library="BuiltIn">
<arg>3</arg>
<doc>Pauses the test executed for the given time.</doc>
<msg timestamp="20230315 14:13:48.437" level="INFO">Slept 3 seconds</msg>
<status status="PASS" starttime="20230315 14:13:45.437" endtime="20230315 14:13:48.437"/>
</kw>
<kw name="Click Element" library="Selenium2Library">
<arg>${SearchBarLocator}</arg>
<doc>Click the element identified by ``locator``.</doc>
<msg timestamp="20230315 14:13:48.438" level="INFO">Clicking element '//input[@class='gLFyf']'.</msg>
<status status="PASS" starttime="20230315 14:13:48.438" endtime="20230315 14:13:48.495"/>
</kw>
<kw name="Input Text" library="Selenium2Library">
<arg>${SearchBarLocator}</arg>
<arg>${KeywordForSearch}</arg>
<doc>Types the given ``text`` into the text field identified by ``locator``.</doc>
<msg timestamp="20230315 14:13:48.496" level="INFO">Typing text 'howdy id' into text field '//input[@class='gLFyf']'.</msg>
<status status="PASS" starttime="20230315 14:13:48.495" endtime="20230315 14:13:48.587"/>
</kw>
<kw name="Sleep" library="BuiltIn">
<arg>0.5</arg>
<doc>Pauses the test executed for the given time.</doc>
<msg timestamp="20230315 14:13:49.089" level="INFO">Slept 500 milliseconds</msg>
<status status="PASS" starttime="20230315 14:13:48.587" endtime="20230315 14:13:49.089"/>
</kw>
<status status="PASS" starttime="20230315 14:13:45.437" endtime="20230315 14:13:49.089"/>
</kw>
<kw name="Click Search Button" library="GooglePageObjects">
<kw name="Sleep" library="BuiltIn">
<arg>1</arg>
<doc>Pauses the test executed for the given time.</doc>
<msg timestamp="20230315 14:13:50.090" level="INFO">Slept 1 second</msg>
<status status="PASS" starttime="20230315 14:13:49.089" endtime="20230315 14:13:50.090"/>
</kw>
<kw name="Click Button" library="Selenium2Library">
<arg>${SearchButtonLocator}</arg>
<doc>Clicks the button identified by ``locator``.</doc>
<msg timestamp="20230315 14:13:50.091" level="INFO">Clicking button '//input[@class='gNO89b']'.</msg>
<status status="PASS" starttime="20230315 14:13:50.090" endtime="20230315 14:13:52.181"/>
</kw>
<status status="PASS" starttime="20230315 14:13:49.089" endtime="20230315 14:13:52.181"/>
</kw>
<kw name="Click First result" library="GooglePageObjects">
<kw name="Sleep" library="BuiltIn">
<arg>1</arg>
<doc>Pauses the test executed for the given time.</doc>
<msg timestamp="20230315 14:13:53.182" level="INFO">Slept 1 second</msg>
<status status="PASS" starttime="20230315 14:13:52.182" endtime="20230315 14:13:53.182"/>
</kw>
<kw name="Click Element" library="Selenium2Library">
<arg>${FirstSearchResultLocatorhowdy}</arg>
<doc>Click the element identified by ``locator``.</doc>
<msg timestamp="20230315 14:13:53.182" level="INFO">Clicking element '//div[@class='byrV5b']'.</msg>
<status status="PASS" starttime="20230315 14:13:53.182" endtime="20230315 14:13:55.412"/>
</kw>
<status status="PASS" starttime="20230315 14:13:52.181" endtime="20230315 14:13:55.412"/>
</kw>
<status status="PASS" starttime="20230315 14:13:43.081" endtime="20230315 14:13:55.413"/>
</test>
<doc>Keywords for Trojan page functions</doc>
<status status="PASS" starttime="20230315 14:13:42.883" endtime="20230315 14:13:55.414"/>
</suite>
<statistics>
<total>
<stat pass="1" fail="0" skip="0">All Tests</stat>
</total>
<tag>
</tag>
<suite>
<stat pass="1" fail="0" skip="0" id="s1" name="GoogleKeywords">GoogleKeywords</stat>
</suite>
</statistics>
<errors>
</errors>
</robot>
